---------------------------------------------------------------
[ 2017-12-13T23:39:43+08:00 ] 127.0.0.199 127.0.0.1 GET /
[ info ] 127.0.0.199/ [运行时间：0.334428s][吞吐率：2.99req/s] [内存消耗：3,005.60kb] [文件加载：42]
[ info ] [ LANG ] D:\web\codep\trunk\thinkphp\lang\zh-cn.php
[ info ] [ ROUTE ] array (
  'type' => 'module',
  'module' => 
  array (
    0 => '',
    1 => NULL,
    2 => NULL,
  ),
)
[ info ] [ HEADER ] array (
  'host' => '127.0.0.199',
  'connection' => 'keep-alive',
  'user-agent' => 'Mozilla/5.0 (Windows NT 10.0; WOW64) AppleWebKit/537.36 (KHTML, like Gecko) Chrome/62.0.3202.94 Safari/537.36',
  'upgrade-insecure-requests' => '1',
  'accept' => 'text/html,application/xhtml+xml,application/xml;q=0.9,image/webp,image/apng,*/*;q=0.8',
  'dnt' => '1',
  'accept-encoding' => 'gzip, deflate, br',
  'accept-language' => 'zh-CN,zh;q=0.9,zh-TW;q=0.8',
)
[ info ] [ PARAM ] array (
)
[ info ] [ RUN ] app\www\controller\Index->index[ D:\web\codep\trunk\app\www\controller\Index.php ]
[ info ] [ LOG ] INIT File
---------------------------------------------------------------
[ 2017-12-13T23:41:58+08:00 ] 127.0.0.199 127.0.0.1 GET /
[ info ] 127.0.0.199/ [运行时间：0.086889s][吞吐率：11.51req/s] [内存消耗：3,028.68kb] [文件加载：43]
[ info ] [ LANG ] D:\web\codep\trunk\thinkphp\lang\zh-cn.php
[ info ] [ ROUTE ] array (
  'type' => 'module',
  'module' => 
  array (
    0 => '',
    1 => NULL,
    2 => NULL,
  ),
)
[ info ] [ HEADER ] array (
  'host' => '127.0.0.199',
  'connection' => 'keep-alive',
  'cache-control' => 'max-age=0',
  'user-agent' => 'Mozilla/5.0 (Windows NT 10.0; WOW64) AppleWebKit/537.36 (KHTML, like Gecko) Chrome/62.0.3202.94 Safari/537.36',
  'upgrade-insecure-requests' => '1',
  'accept' => 'text/html,application/xhtml+xml,application/xml;q=0.9,image/webp,image/apng,*/*;q=0.8',
  'dnt' => '1',
  'accept-encoding' => 'gzip, deflate, br',
  'accept-language' => 'zh-CN,zh;q=0.9,zh-TW;q=0.8',
)
[ info ] [ PARAM ] array (
)
[ info ] [ RUN ] app\www\controller\Index->index[ D:\web\codep\trunk\app\www\controller\Index.php ]
[ info ] [ LOG ] INIT File
---------------------------------------------------------------
[ 2017-12-13T23:42:06+08:00 ] 127.0.0.199 127.0.0.1 GET /
[ info ] 127.0.0.199/ [运行时间：0.106871s][吞吐率：9.36req/s] [内存消耗：3,113.01kb] [文件加载：46]
[ info ] [ LANG ] D:\web\codep\trunk\thinkphp\lang\zh-cn.php
[ info ] [ ROUTE ] array (
  'type' => 'module',
  'module' => 
  array (
    0 => '',
    1 => NULL,
    2 => NULL,
  ),
)
[ info ] [ HEADER ] array (
  'host' => '127.0.0.199',
  'connection' => 'keep-alive',
  'cache-control' => 'max-age=0',
  'user-agent' => 'Mozilla/5.0 (Windows NT 10.0; WOW64) AppleWebKit/537.36 (KHTML, like Gecko) Chrome/62.0.3202.94 Safari/537.36',
  'upgrade-insecure-requests' => '1',
  'accept' => 'text/html,application/xhtml+xml,application/xml;q=0.9,image/webp,image/apng,*/*;q=0.8',
  'dnt' => '1',
  'accept-encoding' => 'gzip, deflate, br',
  'accept-language' => 'zh-CN,zh;q=0.9,zh-TW;q=0.8',
)
[ info ] [ PARAM ] array (
)
[ info ] [ RUN ] app\www\controller\Index->index[ D:\web\codep\trunk\app\www\controller\Index.php ]
[ info ] [ LOG ] INIT File
[ error ] [1]Call to undefined method app\www\controller\Index::view()[D:\web\codep\trunk\app\www\controller\Index.php:10]
---------------------------------------------------------------
[ 2017-12-13T23:42:14+08:00 ] 127.0.0.199 127.0.0.1 GET /
[ info ] 127.0.0.199/ [运行时间：0.046901s][吞吐率：21.32req/s] [内存消耗：3,028.68kb] [文件加载：43]
[ info ] [ LANG ] D:\web\codep\trunk\thinkphp\lang\zh-cn.php
[ info ] [ ROUTE ] array (
  'type' => 'module',
  'module' => 
  array (
    0 => '',
    1 => NULL,
    2 => NULL,
  ),
)
[ info ] [ HEADER ] array (
  'host' => '127.0.0.199',
  'connection' => 'keep-alive',
  'cache-control' => 'max-age=0',
  'user-agent' => 'Mozilla/5.0 (Windows NT 10.0; WOW64) AppleWebKit/537.36 (KHTML, like Gecko) Chrome/62.0.3202.94 Safari/537.36',
  'upgrade-insecure-requests' => '1',
  'accept' => 'text/html,application/xhtml+xml,application/xml;q=0.9,image/webp,image/apng,*/*;q=0.8',
  'dnt' => '1',
  'accept-encoding' => 'gzip, deflate, br',
  'accept-language' => 'zh-CN,zh;q=0.9,zh-TW;q=0.8',
)
[ info ] [ PARAM ] array (
)
[ info ] [ RUN ] app\www\controller\Index->index[ D:\web\codep\trunk\app\www\controller\Index.php ]
[ info ] [ LOG ] INIT File
---------------------------------------------------------------
[ 2017-12-13T23:44:03+08:00 ] 127.0.0.199 127.0.0.1 GET /
[ info ] 127.0.0.199/ [运行时间：0.102157s][吞吐率：9.79req/s] [内存消耗：3,114.97kb] [文件加载：46]
[ info ] [ LANG ] D:\web\codep\trunk\thinkphp\lang\zh-cn.php
[ info ] [ ROUTE ] array (
  'type' => 'module',
  'module' => 
  array (
    0 => '',
    1 => NULL,
    2 => NULL,
  ),
)
[ info ] [ HEADER ] array (
  'host' => '127.0.0.199',
  'connection' => 'keep-alive',
  'cache-control' => 'max-age=0',
  'user-agent' => 'Mozilla/5.0 (Windows NT 10.0; WOW64) AppleWebKit/537.36 (KHTML, like Gecko) Chrome/62.0.3202.94 Safari/537.36',
  'upgrade-insecure-requests' => '1',
  'accept' => 'text/html,application/xhtml+xml,application/xml;q=0.9,image/webp,image/apng,*/*;q=0.8',
  'dnt' => '1',
  'accept-encoding' => 'gzip, deflate, br',
  'accept-language' => 'zh-CN,zh;q=0.9,zh-TW;q=0.8',
)
[ info ] [ PARAM ] array (
)
[ info ] [ RUN ] app\www\controller\Index->index[ D:\web\codep\trunk\app\www\controller\Index.php ]
[ info ] [ LOG ] INIT File
[ error ] [0]模板文件不存在:D:\web\codep\trunk\public/../app/www\view\index\index.html[D:\web\codep\trunk\thinkphp\library\think\view\driver\Think.php:80]
---------------------------------------------------------------
[ 2017-12-13T23:44:28+08:00 ] 127.0.0.199 127.0.0.1 GET /
[ info ] 127.0.0.199/ [运行时间：0.043570s][吞吐率：22.95req/s] [内存消耗：3,031.80kb] [文件加载：44]
[ info ] [ LANG ] D:\web\codep\trunk\thinkphp\lang\zh-cn.php
[ info ] [ ROUTE ] array (
  'type' => 'module',
  'module' => 
  array (
    0 => '',
    1 => NULL,
    2 => NULL,
  ),
)
[ info ] [ HEADER ] array (
  'host' => '127.0.0.199',
  'connection' => 'keep-alive',
  'cache-control' => 'max-age=0',
  'user-agent' => 'Mozilla/5.0 (Windows NT 10.0; WOW64) AppleWebKit/537.36 (KHTML, like Gecko) Chrome/62.0.3202.94 Safari/537.36',
  'upgrade-insecure-requests' => '1',
  'accept' => 'text/html,application/xhtml+xml,application/xml;q=0.9,image/webp,image/apng,*/*;q=0.8',
  'dnt' => '1',
  'accept-encoding' => 'gzip, deflate, br',
  'accept-language' => 'zh-CN,zh;q=0.9,zh-TW;q=0.8',
)
[ info ] [ PARAM ] array (
)
[ info ] [ RUN ] app\www\controller\Index->index[ D:\web\codep\trunk\app\www\controller\Index.php ]
[ info ] [ VIEW ] D:\web\codep\trunk\public/../app/www\view\index\index.html [ array (
  0 => 'set_lang',
) ]
[ info ] [ LOG ] INIT File
---------------------------------------------------------------
[ 2017-12-13T23:44:34+08:00 ] 127.0.0.199 127.0.0.1 GET /
[ info ] 127.0.0.199/ [运行时间：0.102743s][吞吐率：9.73req/s] [内存消耗：3,276.99kb] [文件加载：46]
[ info ] [ LANG ] D:\web\codep\trunk\thinkphp\lang\zh-cn.php
[ info ] [ ROUTE ] array (
  'type' => 'module',
  'module' => 
  array (
    0 => '',
    1 => NULL,
    2 => NULL,
  ),
)
[ info ] [ HEADER ] array (
  'host' => '127.0.0.199',
  'connection' => 'keep-alive',
  'cache-control' => 'max-age=0',
  'user-agent' => 'Mozilla/5.0 (Windows NT 10.0; WOW64) AppleWebKit/537.36 (KHTML, like Gecko) Chrome/62.0.3202.94 Safari/537.36',
  'upgrade-insecure-requests' => '1',
  'accept' => 'text/html,application/xhtml+xml,application/xml;q=0.9,image/webp,image/apng,*/*;q=0.8',
  'dnt' => '1',
  'accept-encoding' => 'gzip, deflate, br',
  'accept-language' => 'zh-CN,zh;q=0.9,zh-TW;q=0.8',
)
[ info ] [ PARAM ] array (
)
[ info ] [ RUN ] app\www\controller\Index->index[ D:\web\codep\trunk\app\www\controller\Index.php ]
[ info ] [ VIEW ] D:\web\codep\trunk\public/../app/www\view\index\index.html [ array (
  0 => 'set_lang',
) ]
[ info ] [ LOG ] INIT File
---------------------------------------------------------------
[ 2017-12-13T23:45:15+08:00 ] 127.0.0.199 127.0.0.1 GET /www/index/index
[ info ] 127.0.0.199/www/index/index [运行时间：0.041767s][吞吐率：23.94req/s] [内存消耗：3,276.56kb] [文件加载：46]
[ info ] [ LANG ] D:\web\codep\trunk\thinkphp\lang\zh-cn.php
[ info ] [ ROUTE ] array (
  'type' => 'module',
  'module' => 
  array (
    0 => 'www',
    1 => 'index',
    2 => 'index',
  ),
)
[ info ] [ HEADER ] array (
  'host' => '127.0.0.199',
  'connection' => 'keep-alive',
  'user-agent' => 'Mozilla/5.0 (Windows NT 10.0; WOW64) AppleWebKit/537.36 (KHTML, like Gecko) Chrome/62.0.3202.94 Safari/537.36',
  'upgrade-insecure-requests' => '1',
  'accept' => 'text/html,application/xhtml+xml,application/xml;q=0.9,image/webp,image/apng,*/*;q=0.8',
  'dnt' => '1',
  'accept-encoding' => 'gzip, deflate, br',
  'accept-language' => 'zh-CN,zh;q=0.9,zh-TW;q=0.8',
)
[ info ] [ PARAM ] array (
)
[ info ] [ RUN ] app\www\controller\Index->index[ D:\web\codep\trunk\app\www\controller\Index.php ]
[ info ] [ VIEW ] D:\web\codep\trunk\public/../app/www\view\index\index.html [ array (
  0 => 'set_lang',
) ]
[ info ] [ LOG ] INIT File
---------------------------------------------------------------
[ 2017-12-13T23:46:13+08:00 ] 127.0.0.199 127.0.0.1 GET /www/index/upCode
[ info ] 127.0.0.199/www/index/upCode [运行时间：0.052924s][吞吐率：18.90req/s] [内存消耗：3,277.76kb] [文件加载：46]
[ info ] [ LANG ] D:\web\codep\trunk\thinkphp\lang\zh-cn.php
[ info ] [ ROUTE ] array (
  'type' => 'module',
  'module' => 
  array (
    0 => 'www',
    1 => 'index',
    2 => 'upCode',
  ),
)
[ info ] [ HEADER ] array (
  'host' => '127.0.0.199',
  'connection' => 'keep-alive',
  'user-agent' => 'Mozilla/5.0 (Windows NT 10.0; WOW64) AppleWebKit/537.36 (KHTML, like Gecko) Chrome/62.0.3202.94 Safari/537.36',
  'upgrade-insecure-requests' => '1',
  'accept' => 'text/html,application/xhtml+xml,application/xml;q=0.9,image/webp,image/apng,*/*;q=0.8',
  'dnt' => '1',
  'accept-encoding' => 'gzip, deflate, br',
  'accept-language' => 'zh-CN,zh;q=0.9,zh-TW;q=0.8',
)
[ info ] [ PARAM ] array (
)
[ info ] [ RUN ] app\www\controller\Index->upCode[ D:\web\codep\trunk\app\www\controller\Index.php ]
[ info ] [ VIEW ] D:\web\codep\trunk\public/../app/www\view\index\upcode.html [ array (
  0 => 'set_lang',
) ]
[ info ] [ LOG ] INIT File
---------------------------------------------------------------
[ 2017-12-13T23:46:18+08:00 ] 127.0.0.199 127.0.0.1 GET /www/index/upCode
[ info ] 127.0.0.199/www/index/upCode [运行时间：0.045924s][吞吐率：21.78req/s] [内存消耗：3,278.60kb] [文件加载：46]
[ info ] [ LANG ] D:\web\codep\trunk\thinkphp\lang\zh-cn.php
[ info ] [ ROUTE ] array (
  'type' => 'module',
  'module' => 
  array (
    0 => 'www',
    1 => 'index',
    2 => 'upCode',
  ),
)
[ info ] [ HEADER ] array (
  'host' => '127.0.0.199',
  'connection' => 'keep-alive',
  'cache-control' => 'max-age=0',
  'user-agent' => 'Mozilla/5.0 (Windows NT 10.0; WOW64) AppleWebKit/537.36 (KHTML, like Gecko) Chrome/62.0.3202.94 Safari/537.36',
  'upgrade-insecure-requests' => '1',
  'accept' => 'text/html,application/xhtml+xml,application/xml;q=0.9,image/webp,image/apng,*/*;q=0.8',
  'dnt' => '1',
  'accept-encoding' => 'gzip, deflate, br',
  'accept-language' => 'zh-CN,zh;q=0.9,zh-TW;q=0.8',
)
[ info ] [ PARAM ] array (
)
[ info ] [ RUN ] app\www\controller\Index->upCode[ D:\web\codep\trunk\app\www\controller\Index.php ]
[ info ] [ VIEW ] D:\web\codep\trunk\public/../app/www\view\index\upcode.html [ array (
  0 => 'set_lang',
) ]
[ info ] [ LOG ] INIT File
---------------------------------------------------------------
[ 2017-12-13T23:47:53+08:00 ] 127.0.0.199 127.0.0.1 GET /www/index/upCode
[ info ] 127.0.0.199/www/index/upCode [运行时间：0.074647s][吞吐率：13.40req/s] [内存消耗：2,571.65kb] [文件加载：37]
[ info ] [ LANG ] D:\web\codep\trunk\thinkphp\lang\zh-cn.php
[ info ] [ ROUTE ] array (
  'type' => 'module',
  'module' => 
  array (
    0 => 'www',
    1 => 'index',
    2 => 'upCode',
  ),
)
[ info ] [ HEADER ] array (
  'host' => '127.0.0.199',
  'connection' => 'keep-alive',
  'cache-control' => 'max-age=0',
  'user-agent' => 'Mozilla/5.0 (Windows NT 10.0; WOW64) AppleWebKit/537.36 (KHTML, like Gecko) Chrome/62.0.3202.94 Safari/537.36',
  'upgrade-insecure-requests' => '1',
  'accept' => 'text/html,application/xhtml+xml,application/xml;q=0.9,image/webp,image/apng,*/*;q=0.8',
  'dnt' => '1',
  'accept-encoding' => 'gzip, deflate, br',
  'accept-language' => 'zh-CN,zh;q=0.9,zh-TW;q=0.8',
)
[ info ] [ PARAM ] array (
)
[ info ] [ LOG ] INIT File
---------------------------------------------------------------
[ 2017-12-13T23:47:57+08:00 ] 127.0.0.199 127.0.0.1 GET /home/index/upCode
[ info ] 127.0.0.199/home/index/upCode [运行时间：0.042951s][吞吐率：23.28req/s] [内存消耗：2,687.21kb] [文件加载：42]
[ info ] [ LANG ] D:\web\codep\trunk\thinkphp\lang\zh-cn.php
[ info ] [ ROUTE ] array (
  'type' => 'module',
  'module' => 
  array (
    0 => 'home',
    1 => 'index',
    2 => 'upCode',
  ),
)
[ info ] [ HEADER ] array (
  'host' => '127.0.0.199',
  'connection' => 'keep-alive',
  'user-agent' => 'Mozilla/5.0 (Windows NT 10.0; WOW64) AppleWebKit/537.36 (KHTML, like Gecko) Chrome/62.0.3202.94 Safari/537.36',
  'upgrade-insecure-requests' => '1',
  'accept' => 'text/html,application/xhtml+xml,application/xml;q=0.9,image/webp,image/apng,*/*;q=0.8',
  'dnt' => '1',
  'accept-encoding' => 'gzip, deflate, br',
  'accept-language' => 'zh-CN,zh;q=0.9,zh-TW;q=0.8',
)
[ info ] [ PARAM ] array (
)
[ info ] [ LOG ] INIT File
---------------------------------------------------------------
[ 2017-12-13T23:48:15+08:00 ] 127.0.0.199 127.0.0.1 GET /home/index/upCode
[ info ] 127.0.0.199/home/index/upCode [运行时间：0.048885s][吞吐率：20.46req/s] [内存消耗：3,278.31kb] [文件加载：46]
[ info ] [ LANG ] D:\web\codep\trunk\thinkphp\lang\zh-cn.php
[ info ] [ ROUTE ] array (
  'type' => 'module',
  'module' => 
  array (
    0 => 'home',
    1 => 'index',
    2 => 'upCode',
  ),
)
[ info ] [ HEADER ] array (
  'host' => '127.0.0.199',
  'connection' => 'keep-alive',
  'cache-control' => 'max-age=0',
  'user-agent' => 'Mozilla/5.0 (Windows NT 10.0; WOW64) AppleWebKit/537.36 (KHTML, like Gecko) Chrome/62.0.3202.94 Safari/537.36',
  'upgrade-insecure-requests' => '1',
  'accept' => 'text/html,application/xhtml+xml,application/xml;q=0.9,image/webp,image/apng,*/*;q=0.8',
  'dnt' => '1',
  'accept-encoding' => 'gzip, deflate, br',
  'accept-language' => 'zh-CN,zh;q=0.9,zh-TW;q=0.8',
)
[ info ] [ PARAM ] array (
)
[ info ] [ RUN ] app\home\controller\Index->upCode[ D:\web\codep\trunk\app\home\controller\Index.php ]
[ info ] [ VIEW ] D:\web\codep\trunk\public/../app/home\view\index\upcode.html [ array (
  0 => 'set_lang',
) ]
[ info ] [ LOG ] INIT File
---------------------------------------------------------------
[ 2017-12-13T23:51:57+08:00 ] 127.0.0.199 127.0.0.1 GET /home/index/upCode
[ info ] 127.0.0.199/home/index/upCode [运行时间：0.044661s][吞吐率：22.39req/s] [内存消耗：3,036.31kb] [文件加载：45]
[ info ] [ LANG ] D:\web\codep\trunk\thinkphp\lang\zh-cn.php
[ info ] [ ROUTE ] array (
  'type' => 'module',
  'module' => 
  array (
    0 => 'home',
    1 => 'index',
    2 => 'upCode',
  ),
)
[ info ] [ HEADER ] array (
  'host' => '127.0.0.199',
  'connection' => 'keep-alive',
  'cache-control' => 'max-age=0',
  'user-agent' => 'Mozilla/5.0 (Windows NT 10.0; WOW64) AppleWebKit/537.36 (KHTML, like Gecko) Chrome/62.0.3202.94 Safari/537.36',
  'upgrade-insecure-requests' => '1',
  'accept' => 'text/html,application/xhtml+xml,application/xml;q=0.9,image/webp,image/apng,*/*;q=0.8',
  'dnt' => '1',
  'accept-encoding' => 'gzip, deflate, br',
  'accept-language' => 'zh-CN,zh;q=0.9,zh-TW;q=0.8',
)
[ info ] [ PARAM ] array (
)
[ info ] [ RUN ] app\home\controller\Index->upCode[ D:\web\codep\trunk\app\home\controller\Index.php ]
[ info ] [ VIEW ] D:\web\codep\trunk\public/../app/home\view\index\upcode.html [ array (
  0 => 'set_lang',
) ]
[ info ] [ LOG ] INIT File
---------------------------------------------------------------
[ 2017-12-13T23:54:07+08:00 ] 127.0.0.199 127.0.0.1 GET /home/index/upCode
[ info ] 127.0.0.199/home/index/upCode [运行时间：0.041254s][吞吐率：24.24req/s] [内存消耗：3,282.41kb] [文件加载：47]
[ info ] [ LANG ] D:\web\codep\trunk\thinkphp\lang\zh-cn.php
[ info ] [ ROUTE ] array (
  'type' => 'module',
  'module' => 
  array (
    0 => 'home',
    1 => 'index',
    2 => 'upCode',
  ),
)
[ info ] [ HEADER ] array (
  'host' => '127.0.0.199',
  'connection' => 'keep-alive',
  'cache-control' => 'max-age=0',
  'user-agent' => 'Mozilla/5.0 (Windows NT 10.0; WOW64) AppleWebKit/537.36 (KHTML, like Gecko) Chrome/62.0.3202.94 Safari/537.36',
  'upgrade-insecure-requests' => '1',
  'accept' => 'text/html,application/xhtml+xml,application/xml;q=0.9,image/webp,image/apng,*/*;q=0.8',
  'dnt' => '1',
  'accept-encoding' => 'gzip, deflate, br',
  'accept-language' => 'zh-CN,zh;q=0.9,zh-TW;q=0.8',
)
[ info ] [ PARAM ] array (
)
[ info ] [ RUN ] app\home\controller\Index->upCode[ D:\web\codep\trunk\app\home\controller\Index.php ]
[ info ] [ VIEW ] D:\web\codep\trunk\public/../app/home\view\index\upcode.html [ array (
  0 => 'set_lang',
) ]
[ info ] [ LOG ] INIT File
---------------------------------------------------------------
[ 2017-12-13T23:54:48+08:00 ] 127.0.0.199 127.0.0.1 GET /home/index/upCode
[ info ] 127.0.0.199/home/index/upCode [运行时间：0.052250s][吞吐率：19.14req/s] [内存消耗：3,282.59kb] [文件加载：47]
[ info ] [ LANG ] D:\web\codep\trunk\thinkphp\lang\zh-cn.php
[ info ] [ ROUTE ] array (
  'type' => 'module',
  'module' => 
  array (
    0 => 'home',
    1 => 'index',
    2 => 'upCode',
  ),
)
[ info ] [ HEADER ] array (
  'host' => '127.0.0.199',
  'connection' => 'keep-alive',
  'cache-control' => 'max-age=0',
  'user-agent' => 'Mozilla/5.0 (Windows NT 10.0; WOW64) AppleWebKit/537.36 (KHTML, like Gecko) Chrome/62.0.3202.94 Safari/537.36',
  'upgrade-insecure-requests' => '1',
  'accept' => 'text/html,application/xhtml+xml,application/xml;q=0.9,image/webp,image/apng,*/*;q=0.8',
  'dnt' => '1',
  'accept-encoding' => 'gzip, deflate, br',
  'accept-language' => 'zh-CN,zh;q=0.9,zh-TW;q=0.8',
)
[ info ] [ PARAM ] array (
)
[ info ] [ RUN ] app\home\controller\Index->upCode[ D:\web\codep\trunk\app\home\controller\Index.php ]
[ info ] [ VIEW ] D:\web\codep\trunk\public/../app/home\view\index\upcode.html [ array (
  0 => 'set_lang',
) ]
[ info ] [ LOG ] INIT File
---------------------------------------------------------------
[ 2017-12-13T23:55:29+08:00 ] 127.0.0.199 127.0.0.1 GET /home/index/upCode
[ info ] 127.0.0.199/home/index/upCode [运行时间：0.047600s][吞吐率：21.01req/s] [内存消耗：3,282.73kb] [文件加载：47]
[ info ] [ LANG ] D:\web\codep\trunk\thinkphp\lang\zh-cn.php
[ info ] [ ROUTE ] array (
  'type' => 'module',
  'module' => 
  array (
    0 => 'home',
    1 => 'index',
    2 => 'upCode',
  ),
)
[ info ] [ HEADER ] array (
  'host' => '127.0.0.199',
  'connection' => 'keep-alive',
  'cache-control' => 'max-age=0',
  'user-agent' => 'Mozilla/5.0 (Windows NT 10.0; WOW64) AppleWebKit/537.36 (KHTML, like Gecko) Chrome/62.0.3202.94 Safari/537.36',
  'upgrade-insecure-requests' => '1',
  'accept' => 'text/html,application/xhtml+xml,application/xml;q=0.9,image/webp,image/apng,*/*;q=0.8',
  'dnt' => '1',
  'accept-encoding' => 'gzip, deflate, br',
  'accept-language' => 'zh-CN,zh;q=0.9,zh-TW;q=0.8',
)
[ info ] [ PARAM ] array (
)
[ info ] [ RUN ] app\home\controller\Index->upCode[ D:\web\codep\trunk\app\home\controller\Index.php ]
[ info ] [ VIEW ] D:\web\codep\trunk\public/../app/home\view\index\upcode.html [ array (
  0 => 'set_lang',
) ]
[ info ] [ LOG ] INIT File
---------------------------------------------------------------
[ 2017-12-13T23:55:43+08:00 ] 127.0.0.199 127.0.0.1 GET /home/index/upCode
[ info ] 127.0.0.199/home/index/upCode [运行时间：0.058686s][吞吐率：17.04req/s] [内存消耗：3,282.83kb] [文件加载：47]
[ info ] [ LANG ] D:\web\codep\trunk\thinkphp\lang\zh-cn.php
[ info ] [ ROUTE ] array (
  'type' => 'module',
  'module' => 
  array (
    0 => 'home',
    1 => 'index',
    2 => 'upCode',
  ),
)
[ info ] [ HEADER ] array (
  'host' => '127.0.0.199',
  'connection' => 'keep-alive',
  'cache-control' => 'max-age=0',
  'user-agent' => 'Mozilla/5.0 (Windows NT 10.0; WOW64) AppleWebKit/537.36 (KHTML, like Gecko) Chrome/62.0.3202.94 Safari/537.36',
  'upgrade-insecure-requests' => '1',
  'accept' => 'text/html,application/xhtml+xml,application/xml;q=0.9,image/webp,image/apng,*/*;q=0.8',
  'dnt' => '1',
  'accept-encoding' => 'gzip, deflate, br',
  'accept-language' => 'zh-CN,zh;q=0.9,zh-TW;q=0.8',
)
[ info ] [ PARAM ] array (
)
[ info ] [ RUN ] app\home\controller\Index->upCode[ D:\web\codep\trunk\app\home\controller\Index.php ]
[ info ] [ VIEW ] D:\web\codep\trunk\public/../app/home\view\index\upcode.html [ array (
  0 => 'set_lang',
) ]
[ info ] [ LOG ] INIT File
---------------------------------------------------------------
[ 2017-12-13T23:56:33+08:00 ] 127.0.0.199 127.0.0.1 GET /home/index/upCode
[ info ] 127.0.0.199/home/index/upCode [运行时间：0.044322s][吞吐率：22.56req/s] [内存消耗：3,282.88kb] [文件加载：47]
[ info ] [ LANG ] D:\web\codep\trunk\thinkphp\lang\zh-cn.php
[ info ] [ ROUTE ] array (
  'type' => 'module',
  'module' => 
  array (
    0 => 'home',
    1 => 'index',
    2 => 'upCode',
  ),
)
[ info ] [ HEADER ] array (
  'host' => '127.0.0.199',
  'connection' => 'keep-alive',
  'cache-control' => 'max-age=0',
  'user-agent' => 'Mozilla/5.0 (Windows NT 10.0; WOW64) AppleWebKit/537.36 (KHTML, like Gecko) Chrome/62.0.3202.94 Safari/537.36',
  'upgrade-insecure-requests' => '1',
  'accept' => 'text/html,application/xhtml+xml,application/xml;q=0.9,image/webp,image/apng,*/*;q=0.8',
  'dnt' => '1',
  'accept-encoding' => 'gzip, deflate, br',
  'accept-language' => 'zh-CN,zh;q=0.9,zh-TW;q=0.8',
)
[ info ] [ PARAM ] array (
)
[ info ] [ RUN ] app\home\controller\Index->upCode[ D:\web\codep\trunk\app\home\controller\Index.php ]
[ info ] [ VIEW ] D:\web\codep\trunk\public/../app/home\view\index\upcode.html [ array (
  0 => 'set_lang',
) ]
[ info ] [ LOG ] INIT File
---------------------------------------------------------------
[ 2017-12-13T23:59:51+08:00 ] 127.0.0.199 127.0.0.1 GET /home/index/upCode
[ info ] 127.0.0.199/home/index/upCode [运行时间：0.044688s][吞吐率：22.38req/s] [内存消耗：3,284.91kb] [文件加载：47]
[ info ] [ LANG ] D:\web\codep\trunk\thinkphp\lang\zh-cn.php
[ info ] [ ROUTE ] array (
  'type' => 'module',
  'module' => 
  array (
    0 => 'home',
    1 => 'index',
    2 => 'upCode',
  ),
)
[ info ] [ HEADER ] array (
  'host' => '127.0.0.199',
  'connection' => 'keep-alive',
  'cache-control' => 'max-age=0',
  'user-agent' => 'Mozilla/5.0 (Windows NT 10.0; WOW64) AppleWebKit/537.36 (KHTML, like Gecko) Chrome/62.0.3202.94 Safari/537.36',
  'upgrade-insecure-requests' => '1',
  'accept' => 'text/html,application/xhtml+xml,application/xml;q=0.9,image/webp,image/apng,*/*;q=0.8',
  'dnt' => '1',
  'accept-encoding' => 'gzip, deflate, br',
  'accept-language' => 'zh-CN,zh;q=0.9,zh-TW;q=0.8',
)
[ info ] [ PARAM ] array (
)
[ info ] [ RUN ] app\home\controller\Index->upCode[ D:\web\codep\trunk\app\home\controller\Index.php ]
[ info ] [ VIEW ] D:\web\codep\trunk\public/../app/home\view\index\upcode.html [ array (
  0 => 'set_lang',
) ]
[ info ] [ LOG ] INIT File
